This is XeTeX, Version 3.14159265-2.6-0.99996 (TeX Live 2016/Arch Linux) (preloaded format=xelatex 2017.5.29)  5 SEP 2017 18:17
entering extended mode
 restricted \write18 enabled.
 %&-line parsing enabled.
**LIVRO.tex
(./LIVRO.tex
LaTeX2e <2017/01/01> patch level 3
Babel <3.9r> and hyphenation patterns for 83 language(s) loaded.
(/usr/share/texmf-dist/tex/latex/memoir/memoir.cls
Document Class: memoir 2016/05/16 v3.7f configurable book, report, article docu
ment class
\onelineskip=\skip41
\lxvchars=\skip42
\xlvchars=\skip43
\@memcnta=\count79
\c@@memmarkcntra=\count80
(/usr/share/texmf-dist/tex/generic/oberdiek/ifpdf.sty
Package: ifpdf 2017/03/15 v3.2 Provides the ifpdf switch
)
(/usr/share/texmf-dist/tex/latex/ifetex/ifetex.sty
Package: ifetex 2011/12/15 v1.2 ifetex

(/usr/share/texmf-dist/tex/plain/ifetex/ifetex.tex))
(/usr/share/texmf-dist/tex/generic/ifxetex/ifxetex.sty
Package: ifxetex 2010/09/12 v0.6 Provides ifxetex conditional
)
(/usr/share/texmf-dist/tex/generic/oberdiek/ifluatex.sty
Package: ifluatex 2016/05/16 v1.4 Provides the ifluatex switch (HO)
Package ifluatex Info: LuaTeX not detected.
)
\stockheight=\skip44
\stockwidth=\skip45
\trimtop=\skip46
\trimedge=\skip47

(/usr/share/texmf-dist/tex/latex/memoir/mem11.clo
File: mem11.clo 2008/01/30 v0.3 memoir class 11pt size option
)
\binding=\skip48
\spinemargin=\skip49
\foremargin=\skip50
\uppermargin=\skip51
\lowermargin=\skip52
\headdrop=\skip53
\normalrulethickness=\skip54
\mem@maxheadheight=\skip55
\mem@maxfootheight=\skip56
\headwidth=\skip57
\c@storedpagenumber=\count81
\memPD=\dimen102
\m@mabparskip=\skip58
\thanksmarkwidth=\skip59
\thanksmarksep=\skip60
\droptitle=\skip61
\c@book=\count82
\c@part=\count83
\c@chapter=\count84
\c@section=\count85
\c@subsection=\count86
\c@subsubsection=\count87
\c@paragraph=\count88
\c@subparagraph=\count89
\beforechapskip=\skip62
\midchapskip=\skip63
\afterchapskip=\skip64
\chapindent=\skip65
\bottomsectionskip=\skip66
\secindent=\skip67
\beforesecskip=\skip68
\aftersecskip=\skip69
\subsecindent=\skip70
\beforesubsecskip=\skip71
\aftersubsecskip=\skip72
\subsubsecindent=\skip73
\beforesubsubsecskip=\skip74
\aftersubsubsecskip=\skip75
\paraindent=\skip76
\beforeparaskip=\skip77
\afterparaskip=\skip78
\subparaindent=\skip79
\beforesubparaskip=\skip80
\aftersubparaskip=\skip81
\pfbreakskip=\skip82
\c@@ppsavesec=\count90
\c@@ppsaveapp=\count91
\ragrparindent=\dimen103
\everylistparindent=\dimen104
\parsepi=\skip83
\topsepi=\skip84
\itemsepi=\skip85
\parsepii=\skip86
\topsepii=\skip87
\topsepiii=\skip88
\itemsepii=\skip89
\itemsepiii=\skip90
\partopsepii=\skip91
\partopsepiii=\skip92
\m@msavetopsep=\skip93
\m@msavepartopsep=\skip94
\@enLab=\toks14
\abstitleskip=\skip95
\absleftindent=\skip96
\abs@leftindent=\dimen105
\absrightindent=\skip97
\absparindent=\skip98
\absparsep=\skip99
\c@vslineno=\count92
\c@poemline=\count93
\c@modulo@vs=\count94
\c@memfvsline=\count95
\vleftskip=\skip100
\vrightskip=\skip101
\stanzaskip=\skip102
\versewidth=\skip103
\vgap=\skip104
\vindent=\skip105
\vleftmargin=\dimen106
\c@verse=\count96
\c@chrsinstr=\count97
\beforepoemtitleskip=\skip106
\afterpoemtitleskip=\skip107
\c@poem=\count98
\beforePoemTitleskip=\skip108
\midPoemTitleskip=\skip109
\afterPoemTitleskip=\skip110
\col@sep=\dimen107
\extrarowheight=\dimen108
\NC@list=\toks15
\extratabsurround=\skip111
\backup@length=\skip112
\TX@col@width=\dimen109
\TX@old@table=\dimen110
\TX@old@col=\dimen111
\TX@target=\dimen112
\TX@delta=\dimen113
\TX@cols=\count99
\TX@ftn=\toks16
\heavyrulewidth=\dimen114
\lightrulewidth=\dimen115
\cmidrulewidth=\dimen116
\belowrulesep=\dimen117
\belowbottomsep=\dimen118
\aboverulesep=\dimen119
\abovetopsep=\dimen120
\cmidrulesep=\dimen121
\cmidrulekern=\dimen122
\defaultaddspace=\dimen123
\@cmidla=\count100
\@cmidlb=\count101
\@aboverulesep=\dimen124
\@belowrulesep=\dimen125
\@thisruleclass=\count102
\@lastruleclass=\count103
\@thisrulewidth=\dimen126
\ctableftskip=\skip113
\ctabrightskip=\skip114
\abovecolumnspenalty=\count104
\@linestogo=\count105
\@cellstogo=\count106
\@cellsincolumn=\count107
\crtok=\toks17
\@mincolumnwidth=\dimen127
\c@newflo@tctr=\count108
\mem@margin@floatbox=\box26
\@contcwidth=\skip115
\@contindw=\skip116
\abovecaptionskip=\skip117
\belowcaptionskip=\skip118
\subfloattopskip=\skip119
\subfloatcapskip=\skip120
\subfloatcaptopadj=\skip121
\subfloatbottomskip=\skip122
\subfloatlabelskip=\skip123
\subfloatcapmargin=\dimen128
\c@@contsubnum=\count109
\m@mscap@capbox=\box27
\m@mscap@fbox=\box28
\sidecapsep=\dimen129
\sidecapwidth=\dimen130
\m@m@tempdima=\dimen131
\m@mscapraise=\dimen132
\sidecapraise=\dimen133
\m@mscapmainwidth=\dimen134
\m@mscaplkern=\dimen135
\beforeepigraphskip=\skip124
\afterepigraphskip=\skip125
\epigraphwidth=\skip126
\epigraphrule=\skip127
LaTeX Info: Redefining \em on input line 7551.
LaTeX Info: Redefining \emph on input line 7559.
\tocentryskip=\skip128
\tocbaseline=\skip129
\cftparskip=\skip130
\cftbeforebookskip=\skip131
\cftbookindent=\dimen136
\cftbooknumwidth=\dimen137
\cftbeforepartskip=\skip132
\cftpartindent=\skip133
\cftpartnumwidth=\skip134
\cftbeforechapterskip=\skip135
\cftchapterindent=\skip136
\cftchapternumwidth=\skip137
\cftbeforesectionskip=\skip138
\cftsectionindent=\skip139
\cftsectionnumwidth=\skip140
\cftbeforesubsectionskip=\skip141
\cftsubsectionindent=\skip142
\cftsubsectionnumwidth=\skip143
\cftbeforesubsubsectionskip=\skip144
\cftsubsubsectionindent=\skip145
\cftsubsubsectionnumwidth=\skip146
\cftbeforeparagraphskip=\skip147
\cftparagraphindent=\skip148
\cftparagraphnumwidth=\skip149
\cftbeforesubparagraphskip=\skip150
\cftsubparagraphindent=\skip151
\cftsubparagraphnumwidth=\skip152
\prechapterprecisshift=\dimen138
\c@maxsecnumdepth=\count110
\bibindent=\dimen139
\bibitemsep=\skip153
\indexcolsep=\skip154
\indexrule=\skip155
\indexmarkstyle=\toks18
\@indexbox=\insert199
\glossarycolsep=\dimen140
\glossaryrule=\dimen141
\sideparvshift=\skip156
\sideins=\insert198
\sidebartopsep=\skip157
\sidebarhsep=\skip158
\sidebarvsep=\skip159
\sidebarwidth=\skip160
\footmarkwidth=\skip161
\footmarksep=\skip162
\footparindent=\skip163
\footinsdim=\skip164
\footinsv@r=\insert197
\@mpfootinsv@r=\insert196
\m@m@k=\count111
\m@m@h=\dimen142
\m@mipn@skip=\skip165
\sidefootins=\insert195
\sidefootadjust=\skip166
\sidefootheight=\skip167
\sidefoothsep=\skip168
\sidefootvsep=\skip169
\sidefootwidth=\skip170
\m@mdownsf=\skip171
\c@sidefootnote=\count112
\sidefootmarkwidth=\skip172
\sidefootmarksep=\skip173
\sidefootparindent=\skip174
\c@pagenote=\count113
\c@pagenoteshadow=\count114
\mem@pn@lastkern=\skip175
\every@verbatim=\toks19
\afterevery@verbatim=\toks20
\verbatim@line=\toks21
\tab@position=\count115
\verbatim@in@stream=\read1
\verbatimindent=\skip176
\verbatim@out=\write3
\bvboxsep=\skip177
\c@memfbvline=\count116
\c@bvlinectr=\count117
\bvnumlength=\skip178
\fb@frw=\dimen143
\fb@frh=\dimen144
\FrameRule=\dimen145
\FrameSep=\dimen146
\c@cp@cntr=\count118
LaTeX Info: Redefining \: on input line 12068.
LaTeX Info: Redefining \! on input line 12070.
\c@ism@mctr=\count119
\c@xsm@mctr=\count120
\c@csm@mctr=\count121
\c@ksm@mctr=\count122
\c@xksm@mctr=\count123
\c@cksm@mctr=\count124
\c@msm@mctr=\count125
\c@xmsm@mctr=\count126
\c@cmsm@mctr=\count127
\c@bsm@mctr=\count128
\c@workm@mctr=\count129
\c@sheetsequence=\count130
\c@lastsheet=\count131
\c@lastpage=\count132
\c@figure=\count133
\c@lofdepth=\count134
\cftbeforefigureskip=\skip179
\cftfigureindent=\skip180
\cftfigurenumwidth=\skip181
\c@table=\count135
\c@lotdepth=\count136
\cftbeforetableskip=\skip182
\cfttableindent=\skip183
\cfttablenumwidth=\skip184
Package abstract [2008/07/23] emulated by memoir.
Package appendix [2008/07/23] emulated by memoir.
Package array [2008/09/09] emulated by memoir.
Package booktabs [2016/05/16] emulated by memoir.
Package ccaption [2008/07/23] emulated by memoir.
Package changepage [2008/07/23] emulated by memoir.
Package chngcntr [2008/07/23] emulated by memoir.
Package chngpage [2008/07/23] emulated by memoir.
Package crop emulated by memoir.
Package dcolumn [2008/07/23] emulated by memoir.
Package delarray [2008/07/23] emulated by memoir.
Package enumerate [2008/07/23] emulated by memoir.
Package epigraph [2008/07/23] emulated by memoir.
Package ifmtarg [2008/07/23] emulated by memoir.
Package index [2008/07/23] emulated by memoir.
Package makeidx [2008/07/23] emulated by memoir.
Package moreverb [2008/07/23] emulated by memoir.
Package mparhack [2008/07/23] emulated by memoir.
Package needspace [2008/07/23] emulated by memoir.
Package newfile [2008/07/23] emulated by memoir.
Package nextpage [2008/07/23] emulated by memoir.
Package pagenote [2008/07/23] emulated by memoir.
Package parskip [2008/07/23] emulated by memoir.
Package patchcmd [2008/07/23] emulated by memoir.
Package setspace [2008/07/23] emulated by memoir.
Package shortvrb [2008/07/23] emulated by memoir.
Package showidx [2008/07/23] emulated by memoir.
Package tabularx [2008/07/23] emulated by memoir.
Package titleref [2008/07/23] emulated by memoir.
Package titling [2008/07/23] emulated by memoir.
Package tocbibind [2008/07/23] emulated by memoir.
Package tocloft [2008/07/23] emulated by memoir.
Package tocvsec2 [2008/07/23] emulated by memoir.
Package verbatim [2008/07/23] emulated by memoir.
Package verse [2008/07/23] emulated by memoir.

(/usr/share/texmf-dist/tex/latex/memoir/mempatch.sty
Package: mempatch 2009/07/24 v6.0f Patches for memoir class v1.6180339
))
(/home/editorial/texmf/tex/commands.sty) (/home/editorial/texmf/tex/hedra.sty)
(/home/editorial/texmf/tex/hedraoptions.sty

Class memoir Warning: \marginparsep is zero or negative on input line 165.


******************************************************
Stock height and width: 845.04684pt by 597.50787pt
Top and edge trims: 56.9055pt and 71.1319pt
Page height and width: 654.41338pt by 455.24408pt
Text height and width: 514.20023pt by 324pt
Spine and edge margins: 60.62624pt and 70.03754pt
Upper and lower margins: 52.07825pt and 88.1349pt
Headheight and headsep: 28.45274pt and 0pt
Footskip: 34.1433pt
Columnsep and columnseprule: 10pt and 0pt
Marginparsep and marginparwidth: 0pt and 81.14507pt
Sidecapsep and sidecapwidth: 7pt and 111pt
Sidebarhsep and sidebarwidth: 7pt and 111pt
Sidebarvsep and sidebartopsep: 13.6pt and 0pt
Sidebarheight: 539.9202pt
Sidefoothsep and sidefootwidth: 7pt and 111pt
Sidefootvsep and sidefootheight: 13.6pt and 539.9202pt
******************************************************

) (/home/editorial/texmf/tex/hedrastyles.sty
(/usr/share/texmf-dist/tex/latex/textcase/textcase.sty
Package: textcase 2004/10/07 v0.07 Text only upper/lower case changing (DPC)
LaTeX Info: Redefining \MakeTextUppercase on input line 47.
LaTeX Info: Redefining \MakeTextLowercase on input line 50.
)
(/usr/share/texmf-dist/tex/latex/etoolbox/etoolbox.sty
Package: etoolbox 2017/01/02 v2.4 e-TeX tools for LaTeX (JAW)
\etb@tempcnta=\count137
))
(/home/editorial/texmf/tex/tipografia.sty
(/usr/share/texmf-dist/tex/latex/lettrine/lettrine.sty
File: lettrine.sty 2015/08/31 v1.9 (Daniel Flipo)

(/usr/share/texmf-dist/tex/latex/graphics/keyval.sty
Package: keyval 2014/10/28 v1.15 key=value parser (DPC)
\KV@toks@=\toks22
)
\c@DefaultLines=\count138
\c@DefaultDepth=\count139
\DefaultFindent=\dimen147
\DefaultNindent=\dimen148
\DefaultSlope=\dimen149
\DiscardVskip=\dimen150
\L@lbox=\box29
\L@tbox=\box30
\c@L@lines=\count140
\c@L@depth=\count141
\L@Pindent=\dimen151
\L@Findent=\dimen152
\L@Nindent=\dimen153
\L@lraise=\dimen154
\L@first=\dimen155
\L@next=\dimen156
\L@slope=\dimen157
\L@height=\dimen158
\L@novskip=\dimen159
\LettrineWidth=\dimen160
\LettrineHeight=\dimen161
\LettrineDepth=\dimen162

Loading lettrine.cfg
(/usr/share/texmf-dist/tex/latex/lettrine/lettrine.cfg))
(/usr/share/texmf-dist/tex/generic/ulem/ulem.sty
\UL@box=\box31
\UL@hyphenbox=\box32
\UL@skip=\skip185
\UL@hook=\toks23
\UL@height=\dimen163
\UL@pe=\count142
\UL@pixel=\dimen164
\ULC@box=\box33
Package: ulem 2012/05/18
\ULdepth=\dimen165
)
(/usr/share/texmf-dist/tex/latex/comment/comment.sty
\CommentStream=\write4

Excluding comment 'comment') (/usr/share/texmf-dist/tex/latex/lipsum/lipsum.sty
Package: lipsum 2014/07/27 v1.3 150 paragraphs of Lorem Ipsum dummy text
\c@lips@count=\count143
) (/usr/share/texmf-dist/tex/latex/adforn/adforn.sty
Package: adforn 2010/07/25 v1.0 adforn CFR

(/usr/share/texmf-dist/tex/latex/psnfss/pifont.sty
Package: pifont 2005/04/12 PSNFSS-v9.2a Pi font support (SPQR) 
LaTeX Font Info:    Try loading font information for U+pzd on input line 63.

(/usr/share/texmf-dist/tex/latex/psnfss/upzd.fd
File: upzd.fd 2001/06/04 font definitions for U/pzd.
)
LaTeX Font Info:    Try loading font information for U+psy on input line 64.

(/usr/share/texmf-dist/tex/latex/psnfss/upsy.fd
File: upsy.fd 2001/06/04 font definitions for U/psy.
))
LaTeX Font Info:    Try loading font information for U+OrnementsADF on input li
ne 4.

(/usr/share/texmf-dist/tex/latex/adforn/uornementsadf.fd))
(/home/editorial/texmf/tex/hifensextras.sty)
(/usr/share/texmf-dist/tex/latex/ncctools/manyfoot.sty
Package: manyfoot 2005/09/11 v1.10 Many Footnote Levels Package (NCC)

(/usr/share/texmf-dist/tex/latex/ncctools/nccfoots.sty
Package: nccfoots 2005/02/03 v1.2 NCC Footnotes Package (NCC)
)
\MFL@columnwidth=\dimen166
\footglue=\skip186
)
(/usr/share/texmf-dist/tex/latex/footmisc/footmisc.sty
Package: footmisc 2011/06/06 v5.5b a miscellany of footnote facilities
\FN@temptoken=\toks24
\footnotemargin=\dimen167


LaTeX Warning: Command \@makecol  has changed.
               Check if current package is valid.

\c@pp@next@reset=\count144

LaTeX Warning: Command \@footnotemark  has changed.
               Check if current package is valid.

Package footmisc Info: Declaring symbol style bringhurst on input line 855.
Package footmisc Info: Declaring symbol style chicago on input line 863.
Package footmisc Info: Declaring symbol style wiley on input line 872.
Package footmisc Info: Declaring symbol style lamport-robust on input line 883.

Package footmisc Info: Declaring symbol style lamport* on input line 903.
Package footmisc Info: Declaring symbol style lamport*-robust on input line 924
.
) (/usr/share/texmf-dist/tex/latex/xifthen/xifthen.sty
Package: xifthen 2015/11/05 v1.4.0 Extended ifthen features

(/usr/share/texmf-dist/tex/latex/tools/calc.sty
Package: calc 2014/10/28 v4.3 Infix arithmetic (KKT,FJ)
\calc@Acount=\count145
\calc@Bcount=\count146
\calc@Adimen=\dimen168
\calc@Bdimen=\dimen169
\calc@Askip=\skip187
\calc@Bskip=\skip188
LaTeX Info: Redefining \setlength on input line 80.
LaTeX Info: Redefining \addtolength on input line 81.
\calc@Ccount=\count147
\calc@Cskip=\skip189
)
(/usr/share/texmf-dist/tex/latex/base/ifthen.sty
Package: ifthen 2014/09/29 v1.1c Standard LaTeX ifthen package (DPC)
))
(/usr/share/texmf-dist/tex/latex/mdwtools/footnote.sty
Package: footnote 1997/01/28 1.13 Save footnotes around boxes
\fn@notes=\box34
\fn@width=\dimen170
)
\epigraphminimallength=\skip190
)
(/usr/share/texmf-dist/tex/generic/babel/babel.sty
Package: babel 2016/04/23 3.9r The Babel package

(/usr/share/texmf-dist/tex/generic/babel-greek/greek.ldf
Language: greek 2016/09/07 v1.9g Greek support for the babel system

(/usr/share/texmf-dist/tex/generic/babel/babel.def
File: babel.def 2016/04/23 3.9r Babel common definitions
\babel@savecnt=\count148
\U@D=\dimen171

(/usr/share/texmf-dist/tex/generic/babel/xebabel.def))
\bbl@monogreek=\count149
\bbl@polygreek=\count150
\bbl@ancientgreek=\count151

(/usr/share/texmf-dist/tex/latex/greek-fontenc/lgrenc.def
File: lgrenc.def 2015/12/07 v0.13.1 LGR Greek font encoding definitions

(/usr/share/texmf-dist/tex/latex/greek-fontenc/greek-fontenc.def
File: greek-fontenc.def 2015/08/04 v0.13 Common Greek font encoding definitions

)))
(/usr/share/texmf-dist/tex/generic/babel-english/english.ldf
Language: english 2017/01/24 v3.3q English support from the babel system
\l@canadian = a dialect from \language\l@american 
\l@australian = a dialect from \language\l@british 
\l@newzealand = a dialect from \language\l@british 
)
(/usr/share/texmf-dist/tex/generic/babel-italian/italian.ldf
Language: italian 2015/03/26 v1.3n Italian support from the babel system
\it@lettering=\count152
\it@doublequoteactive=\count153
\it@ISOcompliance=\count154
)
(/usr/share/texmf-dist/tex/generic/babel-german/ngerman.ldf
Language: ngerman 2016/11/02 v2.9 German support for babel (new orthography)

(/usr/share/texmf-dist/tex/generic/babel-german/ngermanb.ldf
Language: ngermanb 2016/11/02 v2.9 German support for babel (new orthography)
Package babel Info: Making " an active character on input line 125.
))
(/usr/share/texmf-dist/tex/generic/babel-french/frenchb.ldf
Language: frenchb 2017/01/30 v3.2g French support from the babel system
\l@acadian = a dialect from \language\l@french 
\l@canadien = a dialect from \language\l@french 
\FB@nonchar=\count155
\FBcolonskip=\skip191
\FBthinskip=\skip192
Package frenchb.ldf Info: No need for active punctuation characters
(frenchb.ldf)             with this version of XeTeX!
(frenchb.ldf)             reported on input line 277.
\FB@punctthick=\XeTeXcharclass1
\FB@punctthin=\XeTeXcharclass2
\FB@punctnul=\XeTeXcharclass3
\FB@guilo=\XeTeXcharclass4
\FB@guilf=\XeTeXcharclass5
\FB@guilnul=\XeTeXcharclass6
\FBguillskip=\skip193
\FBguill@level=\count156
\FB@everypar=\toks25
\FB@Mht=\dimen172
LaTeX Info: Redefining \degres on input line 725.
\mc@charclass=\count157
\mc@charfam=\count158
\mc@charslot=\count159
\std@mcc=\count160
\dec@mcc=\count161
\listindentFB=\skip194
\descindentFB=\skip256
\labelwidthFB=\skip257
\leftmarginFB=\skip258
\parindentFFN=\dimen173
\FBfnindent=\skip259
)
(/usr/share/texmf-dist/tex/generic/babel-russian/russianb.ldf
Language: russianb 2017/01/12 1.3i Russian support for the Babel system


Package babel Warning: No Cyrillic font encoding has been loaded so far.
(babel)                A font encoding should be declared before babel.
(babel)                Default `EU1' encoding will be loaded  on input line 69.


(/usr/share/texmf-dist/tex/latex/euenc/eu1enc.def
File: eu1enc.def 2010/05/27 v0.1h Experimental Unicode font encodings
))
(/usr/share/texmf-dist/tex/generic/babel-portuges/portuges.ldf
Language: portuges 2008/03/18 v1.2q Portuguese support from the babel system
\l@brazilian = a dialect from \language\l@portuges 
))
(/usr/share/texmf-dist/tex/latex/carlisle/scalefnt.sty)
(/usr/share/texmf-dist/tex/latex/microtype/microtype.sty
Package: microtype 2016/05/14 v2.6a Micro-typographical refinements (RS)
\MT@toks=\toks26
\MT@count=\count162
LaTeX Info: Redefining \textls on input line 774.
\MT@outer@kern=\dimen174
LaTeX Info: Redefining \textmicrotypecontext on input line 1310.
\MT@listname@count=\count163

(/usr/share/texmf-dist/tex/latex/microtype/microtype-xetex.def
File: microtype-xetex.def 2016/05/14 v2.6a Definitions specific to xetex (RS)
LaTeX Info: Redefining \lsstyle on input line 255.
)
Package microtype Info: Loading configuration file microtype.cfg.

(/usr/share/texmf-dist/tex/latex/microtype/microtype.cfg
File: microtype.cfg 2016/05/14 v2.6a microtype main configuration file (RS)
))
(/usr/share/texmf-dist/tex/latex/fontspec/fontspec.sty
(/usr/share/texmf-dist/tex/latex/l3kernel/expl3.sty
Package: expl3 2017/04/01 L3 programming layer (loader) 

(/usr/share/texmf-dist/tex/latex/l3kernel/expl3-code.tex
Package: expl3 2017/04/01 L3 programming layer (code)
\c_max_int=\count164
\l_tmpa_int=\count165
\l_tmpb_int=\count166
\g_tmpa_int=\count167
\g_tmpb_int=\count168
\g__prg_map_int=\count169
\c_log_iow=\count170
\l_iow_line_count_int=\count171
\l__iow_line_target_int=\count172
\l__iow_one_indent_int=\count173
\l__iow_indent_int=\count174
\c_zero_dim=\dimen175
\c_max_dim=\dimen176
\l_tmpa_dim=\dimen177
\l_tmpb_dim=\dimen178
\g_tmpa_dim=\dimen179
\g_tmpb_dim=\dimen180
\c_zero_skip=\skip260
\c_max_skip=\skip261
\l_tmpa_skip=\skip262
\l_tmpb_skip=\skip263
\g_tmpa_skip=\skip264
\g_tmpb_skip=\skip265
\c_zero_muskip=\muskip10
\c_max_muskip=\muskip11
\l_tmpa_muskip=\muskip12
\l_tmpb_muskip=\muskip13
\g_tmpa_muskip=\muskip14
\g_tmpb_muskip=\muskip15
\l_keys_choice_int=\count175
\c__fp_leading_shift_int=\count176
\c__fp_middle_shift_int=\count177
\c__fp_trailing_shift_int=\count178
\c__fp_big_leading_shift_int=\count179
\c__fp_big_middle_shift_int=\count180
\c__fp_big_trailing_shift_int=\count181
\c__fp_Bigg_leading_shift_int=\count182
\c__fp_Bigg_middle_shift_int=\count183
\c__fp_Bigg_trailing_shift_int=\count184
\l__sort_length_int=\count185
\l__sort_min_int=\count186
\l__sort_top_int=\count187
\l__sort_max_int=\count188
\l__sort_true_max_int=\count189
\l__sort_block_int=\count190
\l__sort_begin_int=\count191
\l__sort_end_int=\count192
\l__sort_A_int=\count193
\l__sort_B_int=\count194
\l__sort_C_int=\count266
\c_empty_box=\box35
\l_tmpa_box=\box36
\l_tmpb_box=\box37
\g_tmpa_box=\box38
\g_tmpb_box=\box39
\l__coffin_internal_box=\box40
\l__coffin_internal_dim=\dimen181
\l__coffin_offset_x_dim=\dimen182
\l__coffin_offset_y_dim=\dimen183
\l__coffin_x_dim=\dimen184
\l__coffin_y_dim=\dimen185
\l__coffin_x_prime_dim=\dimen186
\l__coffin_y_prime_dim=\dimen187
\c_empty_coffin=\box41
\l__coffin_aligned_coffin=\box42
\l__coffin_aligned_internal_coffin=\box43
\l_tmpa_coffin=\box44
\l_tmpb_coffin=\box45
\l__coffin_display_coffin=\box46
\l__coffin_display_coord_coffin=\box47
\l__coffin_display_pole_coffin=\box48
\l__coffin_display_offset_dim=\dimen188
\l__coffin_display_x_dim=\dimen189
\l__coffin_display_y_dim=\dimen190
\l__box_top_dim=\dimen191
\l__box_bottom_dim=\dimen192
\l__box_left_dim=\dimen193
\l__box_right_dim=\dimen194
\l__box_top_new_dim=\dimen256
\l__box_bottom_new_dim=\dimen257
\l__box_left_new_dim=\dimen258
\l__box_right_new_dim=\dimen259
\l__box_internal_box=\box49
\l__coffin_bounding_shift_dim=\dimen260
\l__coffin_left_corner_dim=\dimen261
\l__coffin_right_corner_dim=\dimen262
\l__coffin_bottom_corner_dim=\dimen263
\l__coffin_top_corner_dim=\dimen264
\l__coffin_scaled_total_height_dim=\dimen265
\l__coffin_scaled_width_dim=\dimen266
)
(/usr/share/texmf-dist/tex/latex/l3kernel/l3xdvipdfmx.def
File: l3xdvidpfmx.def 2017/03/18 v L3 Experimental driver: xdvipdfmx
\l__driver_tmp_box=\box50
))
(/usr/share/texmf-dist/tex/latex/l3packages/xparse/xparse.sty
Package: xparse 2017/04/01 L3 Experimental document command parser
\l__xparse_current_arg_int=\count267
\g__xparse_grabber_int=\count268
\l__xparse_m_args_int=\count269
\l__xparse_mandatory_args_int=\count270
\l__xparse_v_nesting_int=\count271
)
Package: fontspec 2017/03/31 v2.6a Font selection for XeLaTeX and LuaLaTeX

(/usr/share/texmf-dist/tex/latex/fontspec/fontspec-xetex.sty
Package: fontspec-xetex 2017/03/31 v2.6a Font selection for XeLaTeX and LuaLaTe
X
\l__fontspec_script_int=\count272
\l__fontspec_language_int=\count273
\l__fontspec_strnum_int=\count274
\l__fontspec_tmp_int=\count275
\l__fontspec_em_int=\count276
\l__fontspec_emdef_int=\count277
\l__fontspec_strong_int=\count278
\l__fontspec_strongdef_int=\count279
\l__fontspec_tmpa_dim=\dimen267
\l__fontspec_tmpb_dim=\dimen268
\l__fontspec_tmpc_dim=\dimen269
\g__file_internal_ior=\read2

(/usr/share/texmf-dist/tex/latex/base/fontenc.sty
Package: fontenc 2017/02/22 v2.0g Standard LaTeX package

(/usr/share/texmf-dist/tex/latex/base/tuenc.def
File: tuenc.def 2017/02/22 v2.0g Standard LaTeX file
LaTeX Font Info:    Redeclaring font encoding TU on input line 82.
))
.................................................
. LaTeX info: "xparse/define-command"
. 
. Defining command \fontspec with sig. 'O{}mO{}' on line 472.
.................................................
.................................................
. LaTeX info: "xparse/define-command"
. 
. Defining command \setmainfont with sig. 'O{}mO{}' on line 483.
.................................................
.................................................
. LaTeX info: "xparse/define-command"
. 
. Defining command \setsansfont with sig. 'O{}mO{}' on line 503.
.................................................
.................................................
. LaTeX info: "xparse/define-command"
. 
. Defining command \setmonofont with sig. 'O{}mO{}' on line 523.
.................................................
.................................................
. LaTeX info: "xparse/define-command"
. 
. Defining command \setromanfont with sig. 'O{}mO{}' on line 543.
.................................................
.................................................
. LaTeX info: "xparse/define-command"
. 
. Defining command \setmathrm with sig. 'O{}mO{}' on line 547.
.................................................
.................................................
. LaTeX info: "xparse/define-command"
. 
. Defining command \setboldmathrm with sig. 'O{}mO{}' on line 555.
.................................................
.................................................
. LaTeX info: "xparse/define-command"
. 
. Defining command \setmathsf with sig. 'O{}mO{}' on line 563.
.................................................
.................................................
. LaTeX info: "xparse/define-command"
. 
. Defining command \setmathtt with sig. 'O{}mO{}' on line 571.
.................................................
.................................................
. LaTeX info: "xparse/define-command"
. 
. Defining command \newfontfamily with sig. 'mO{}mO{}' on line 586.
.................................................
.................................................
. LaTeX info: "xparse/define-command"
. 
. Defining command \newfontface with sig. 'mO{}mO{}' on line 603.
.................................................
.................................................
. LaTeX info: "xparse/define-command"
. 
. Defining command \defaultfontfeatures with sig. 't+om' on line 614.
.................................................
.................................................
. LaTeX info: "xparse/define-command"
. 
. Defining command \addfontfeatures with sig. 'm' on line 645.
.................................................
.................................................
. LaTeX info: "xparse/define-command"
. 
. Defining command \newfontfeature with sig. 'mm' on line 672.
.................................................
.................................................
. LaTeX info: "xparse/define-command"
. 
. Defining command \newAATfeature with sig. 'mmmm' on line 686.
.................................................
.................................................
. LaTeX info: "xparse/define-command"
. 
. Defining command \newopentypefeature with sig. 'mmm' on line 700.
.................................................
.................................................
. LaTeX info: "xparse/define-command"
. 
. Defining command \newICUfeature with sig. 'mmm' on line 720.
.................................................
.................................................
. LaTeX info: "xparse/define-command"
. 
. Defining command \aliasfontfeature with sig. 'mm' on line 724.
.................................................
.................................................
. LaTeX info: "xparse/define-command"
. 
. Defining command \aliasfontfeatureoption with sig. 'mmm' on line 745.
.................................................
.................................................
. LaTeX info: "xparse/define-command"
. 
. Defining command \newfontscript with sig. 'mm' on line 778.
.................................................
.................................................
. LaTeX info: "xparse/define-command"
. 
. Defining command \newfontlanguage with sig. 'mm' on line 782.
.................................................
.................................................
. LaTeX info: "xparse/define-command"
. 
. Defining command \DeclareFontsExtensions with sig. 'm' on line 786.
.................................................
.................................................
. LaTeX info: "xparse/define-command"
. 
. Defining command \IfFontFeatureActiveTF with sig. 'mmm' on line 797.
.................................................
.................................................
. LaTeX info: "xparse/define-command"
. 
. Defining command \EncodingCommand with sig. 'mO{}m' on line 3438.
.................................................
.................................................
. LaTeX info: "xparse/define-command"
. 
. Defining command \EncodingAccent with sig. 'mm' on line 3444.
.................................................
.................................................
. LaTeX info: "xparse/define-command"
. 
. Defining command \EncodingSymbol with sig. 'mm' on line 3450.
.................................................
.................................................
. LaTeX info: "xparse/define-command"
. 
. Defining command \EncodingComposite with sig. 'mmm' on line 3456.
.................................................
.................................................
. LaTeX info: "xparse/define-command"
. 
. Defining command \EncodingCompositeCommand with sig. 'mmm' on line 3462.
.................................................
.................................................
. LaTeX info: "xparse/define-command"
. 
. Defining command \DeclareUnicodeEncoding with sig. 'mm' on line 3487.
.................................................
.................................................
. LaTeX info: "xparse/define-command"
. 
. Defining command \UndeclareSymbol with sig. 'm' on line 3493.
.................................................
.................................................
. LaTeX info: "xparse/define-command"
. 
. Defining command \UndeclareComposite with sig. 'mm' on line 3501.
.................................................

(/usr/share/texmf-dist/tex/latex/fontspec/fontspec.cfg)
LaTeX Info: Redefining \itshape on input line 3686.
LaTeX Info: Redefining \slshape on input line 3691.
LaTeX Info: Redefining \scshape on input line 3696.
LaTeX Info: Redefining \upshape on input line 3701.
LaTeX Info: Redefining \em on input line 3731.
LaTeX Info: Redefining \emph on input line 3756.
LaTeX Info: Redefining \- on input line 3807.
.................................................
. LaTeX info: "xparse/redefine-command"
. 
. Redefining command \oldstylenums with sig. 'm' on line 3902.
.................................................
.................................................
. LaTeX info: "xparse/define-command"
. 
. Defining command \liningnums with sig. 'm' on line 3906.
.................................................
))
(/usr/share/texmf-dist/tex/xelatex/xunicode/xunicode.sty
File: xunicode.sty 2011/09/09 v0.981 provides access to latin accents and many 
other characters in Unicode lower plane

(/usr/share/texmf-dist/tex/latex/tipa/t3enc.def
File: t3enc.def 2001/12/31 T3 encoding
)
\tipaTiiicode=\count280
\tipasavetokens=\toks27
\tipachecktokens=\toks28

(/usr/share/texmf-dist/tex/latex/graphics/graphicx.sty
Package: graphicx 2014/10/28 v1.0g Enhanced LaTeX Graphics (DPC,SPQR)

(/usr/share/texmf-dist/tex/latex/graphics/graphics.sty
Package: graphics 2016/10/09 v1.0u Standard LaTeX Graphics (DPC,SPQR)

(/usr/share/texmf-dist/tex/latex/graphics/trig.sty
Package: trig 2016/01/03 v1.10 sin cos tan (DPC)
)
(/usr/share/texmf-dist/tex/latex/graphics-cfg/graphics.cfg
File: graphics.cfg 2016/06/04 v1.11 sample graphics configuration
)
Package graphics Info: Driver file: xetex.def on input line 99.

(/usr/share/texmf-dist/tex/latex/graphics-def/xetex.def
File: xetex.def 2016/07/11 v4.10 LaTeX color/graphics driver for XeTeX (L3/RRM/
JK)
))
\Gin@req@height=\dimen270
\Gin@req@width=\dimen271
))
\g__fontspec_family_LinuxLibertineO_int=\count281
.................................................
. fontspec info: "defining-font"
. 
. Font family 'LinuxLibertineO(0)' created for font 'Linux Libertine O' with
. options [Microtype,Ligatures=TeX,Ligatures=TeX,Numbers=OldStyle].
.  
.  This font family consists of the following NFSS series/shapes:
.  
. - 'normal' (m/n) with NFSS spec.: <->"Linux Libertine
. O/OT:script=latn;language=DFLT;protrusion=default,
. expansion=default;+onum;mapping=tex-text;"
. - 'small caps'  (m/sc) with NFSS spec.: <->"Linux Libertine
. O/OT:script=latn;language=DFLT;protrusion=default,
. expansion=default;+onum;+smcp;mapping=tex-text;"
. - 'bold' (bx/n) with NFSS spec.: <->"Linux Libertine
. O/B/OT:script=latn;language=DFLT;protrusion=default,
. expansion=default;+onum;mapping=tex-text;"
. - 'bold small caps'  (bx/sc) with NFSS spec.: <->"Linux Libertine
. O/B/OT:script=latn;language=DFLT;protrusion=default,
. expansion=default;+onum;+smcp;mapping=tex-text;"
. - 'italic' (m/it) with NFSS spec.: <->"Linux Libertine
. O/I/OT:script=latn;language=DFLT;protrusion=default,
. expansion=default;+onum;mapping=tex-text;"
. - 'italic small caps'  (m/itsc) with NFSS spec.: <->"Linux Libertine
. O/I/OT:script=latn;language=DFLT;protrusion=default,
. expansion=default;+onum;+smcp;mapping=tex-text;"
. - 'bold italic' (bx/it) with NFSS spec.: <->"Linux Libertine
. O/BI/OT:script=latn;language=DFLT;protrusion=default,
. expansion=default;+onum;mapping=tex-text;"
. - 'bold italic small caps'  (bx/itsc) with NFSS spec.: <->"Linux Libertine
. O/BI/OT:script=latn;language=DFLT;protrusion=default,
. expansion=default;+onum;+smcp;mapping=tex-text;"
.................................................
LaTeX Info: Redefining \rmfamily on input line 5.
Unknown feature `protrusion=default' in font `Linux Libertine O'.
Unknown feature `expansion=default' in font `Linux Libertine O'.
\g__fontspec_family_WenQuanYiMicroHei_int=\count282
.................................................
. fontspec info: "no-font-shape"
. 
. Could not resolve font "WenQuanYi Micro Hei/BI" (it probably doesn't exist).
.................................................
.................................................
. fontspec info: "no-font-shape"
. 
. Could not resolve font "WenQuanYi Micro Hei/B" (it probably doesn't exist).
.................................................
.................................................
. fontspec info: "no-font-shape"
. 
. Could not resolve font "WenQuanYi Micro Hei/I" (it probably doesn't exist).
.................................................
.................................................
. fontspec info: "defining-font"
. 
. Font family 'WenQuanYiMicroHei(0)' created for font 'WenQuanYi Micro Hei'
. with options [Microtype].
.  
.  This font family consists of the following NFSS series/shapes:
.  
. - 'normal' (m/n) with NFSS spec.: <->"WenQuanYi Micro
. Hei/OT:script=latn;language=DFLT;protrusion=default, expansion=default;"
. - 'small caps'  (m/sc) with NFSS spec.: 
.................................................

(/home/editorial/texmf/tex/toc.sty
(/usr/share/texmf-dist/tex/latex/titlesec/titletoc.sty
Package: titletoc 2011/12/15 v1.6 TOC entries
\ttl@leftsep=\dimen272
)
(/usr/share/texmf-dist/tex/latex/relsize/relsize.sty
Package: relsize 2013/03/29 ver 4.1
))
(/home/editorial/texmf/tex/hedraextra.sty
(/usr/share/texmf-dist/tex/latex/base/textcomp.sty
Package: textcomp 2017/02/22 v2.0g Standard LaTeX package
Package textcomp Info: Sub-encoding information:
(textcomp)               5 = only ISO-Adobe without \textcurrency
(textcomp)               4 = 5 + \texteuro
(textcomp)               3 = 4 + \textohm
(textcomp)               2 = 3 + \textestimated + \textcurrency
(textcomp)               1 = TS1 - \textcircled - \t
(textcomp)               0 = TS1 (full)
(textcomp)             Font families with sub-encoding setting implement
(textcomp)             only a restricted character set as indicated.
(textcomp)             Family '?' is the default used for unknown fonts.
(textcomp)             See the documentation for details.
Package textcomp Info: Setting ? sub-encoding to TS1/1 on input line 79.

(/usr/share/texmf-dist/tex/latex/base/ts1enc.def
File: ts1enc.def 2001/06/05 v3.0e (jk/car/fm) Standard LaTeX file
)
LaTeX Info: Redefining \oldstylenums on input line 334.
Package textcomp Info: Setting cmr sub-encoding to TS1/0 on input line 349.
Package textcomp Info: Setting cmss sub-encoding to TS1/0 on input line 350.
Package textcomp Info: Setting cmtt sub-encoding to TS1/0 on input line 351.
Package textcomp Info: Setting cmvtt sub-encoding to TS1/0 on input line 352.
Package textcomp Info: Setting cmbr sub-encoding to TS1/0 on input line 353.
Package textcomp Info: Setting cmtl sub-encoding to TS1/0 on input line 354.
Package textcomp Info: Setting ccr sub-encoding to TS1/0 on input line 355.
Package textcomp Info: Setting ptm sub-encoding to TS1/4 on input line 356.
Package textcomp Info: Setting pcr sub-encoding to TS1/4 on input line 357.
Package textcomp Info: Setting phv sub-encoding to TS1/4 on input line 358.
Package textcomp Info: Setting ppl sub-encoding to TS1/3 on input line 359.
Package textcomp Info: Setting pag sub-encoding to TS1/4 on input line 360.
Package textcomp Info: Setting pbk sub-encoding to TS1/4 on input line 361.
Package textcomp Info: Setting pnc sub-encoding to TS1/4 on input line 362.
Package textcomp Info: Setting pzc sub-encoding to TS1/4 on input line 363.
Package textcomp Info: Setting bch sub-encoding to TS1/4 on input line 364.
Package textcomp Info: Setting put sub-encoding to TS1/5 on input line 365.
Package textcomp Info: Setting uag sub-encoding to TS1/5 on input line 366.
Package textcomp Info: Setting ugq sub-encoding to TS1/5 on input line 367.
Package textcomp Info: Setting ul8 sub-encoding to TS1/4 on input line 368.
Package textcomp Info: Setting ul9 sub-encoding to TS1/4 on input line 369.
Package textcomp Info: Setting augie sub-encoding to TS1/5 on input line 370.
Package textcomp Info: Setting dayrom sub-encoding to TS1/3 on input line 371.
Package textcomp Info: Setting dayroms sub-encoding to TS1/3 on input line 372.

Package textcomp Info: Setting pxr sub-encoding to TS1/0 on input line 373.
Package textcomp Info: Setting pxss sub-encoding to TS1/0 on input line 374.
Package textcomp Info: Setting pxtt sub-encoding to TS1/0 on input line 375.
Package textcomp Info: Setting txr sub-encoding to TS1/0 on input line 376.
Package textcomp Info: Setting txss sub-encoding to TS1/0 on input line 377.
Package textcomp Info: Setting txtt sub-encoding to TS1/0 on input line 378.
Package textcomp Info: Setting lmr sub-encoding to TS1/0 on input line 379.
Package textcomp Info: Setting lmdh sub-encoding to TS1/0 on input line 380.
Package textcomp Info: Setting lmss sub-encoding to TS1/0 on input line 381.
Package textcomp Info: Setting lmssq sub-encoding to TS1/0 on input line 382.
Package textcomp Info: Setting lmvtt sub-encoding to TS1/0 on input line 383.
Package textcomp Info: Setting lmtt sub-encoding to TS1/0 on input line 384.
Package textcomp Info: Setting qhv sub-encoding to TS1/0 on input line 385.
Package textcomp Info: Setting qag sub-encoding to TS1/0 on input line 386.
Package textcomp Info: Setting qbk sub-encoding to TS1/0 on input line 387.
Package textcomp Info: Setting qcr sub-encoding to TS1/0 on input line 388.
Package textcomp Info: Setting qcs sub-encoding to TS1/0 on input line 389.
Package textcomp Info: Setting qpl sub-encoding to TS1/0 on input line 390.
Package textcomp Info: Setting qtm sub-encoding to TS1/0 on input line 391.
Package textcomp Info: Setting qzc sub-encoding to TS1/0 on input line 392.
Package textcomp Info: Setting qhvc sub-encoding to TS1/0 on input line 393.
Package textcomp Info: Setting futs sub-encoding to TS1/4 on input line 394.
Package textcomp Info: Setting futx sub-encoding to TS1/4 on input line 395.
Package textcomp Info: Setting futj sub-encoding to TS1/4 on input line 396.
Package textcomp Info: Setting hlh sub-encoding to TS1/3 on input line 397.
Package textcomp Info: Setting hls sub-encoding to TS1/3 on input line 398.
Package textcomp Info: Setting hlst sub-encoding to TS1/3 on input line 399.
Package textcomp Info: Setting hlct sub-encoding to TS1/5 on input line 400.
Package textcomp Info: Setting hlx sub-encoding to TS1/5 on input line 401.
Package textcomp Info: Setting hlce sub-encoding to TS1/5 on input line 402.
Package textcomp Info: Setting hlcn sub-encoding to TS1/5 on input line 403.
Package textcomp Info: Setting hlcw sub-encoding to TS1/5 on input line 404.
Package textcomp Info: Setting hlcf sub-encoding to TS1/5 on input line 405.
Package textcomp Info: Setting pplx sub-encoding to TS1/3 on input line 406.
Package textcomp Info: Setting pplj sub-encoding to TS1/3 on input line 407.
Package textcomp Info: Setting ptmx sub-encoding to TS1/4 on input line 408.
Package textcomp Info: Setting ptmj sub-encoding to TS1/4 on input line 409.
)
(/usr/share/texmf-dist/tex/latex/tools/bm.sty
Package: bm 2017/01/16 v1.2c Bold Symbol Support (DPC/FMi)
\symboldoperators=\mathgroup4
\symboldletters=\mathgroup5
\symboldsymbols=\mathgroup6
LaTeX Font Info:    Redeclaring math alphabet \mathbf on input line 141.
LaTeX Info: Redefining \bm on input line 207.
)
(/usr/share/texmf-dist/tex/latex/fix2col/fix2col.sty
Package: fix2col 2015/11/13 v0.04 Output Routine fixes for two column mode (DPC
,FMi)


Package fix2col Warning: Obsolete package: ignored.

) (/usr/share/texmf-dist/tex/latex/base/fixltx2e.sty
Package: fixltx2e 2016/12/29 v2.1a fixes to LaTeX (obsolete)
Applying: [2015/01/01] Old fixltx2e package on input line 46.


Package fixltx2e Warning: fixltx2e is not required with releases after 2015
(fixltx2e)                All fixes are now in the LaTeX kernel.
(fixltx2e)                See the latexrelease package for details.

Already applied: [0000/00/00] Old fixltx2e package on input line 53.
) (/usr/share/texmf-dist/tex/latex/lastpage/lastpage.sty
Package: lastpage 2015/03/29 v1.2m Refers to last page's name (HMM; JPG)
)
(/usr/share/texmf-dist/tex/latex/shorttoc/shorttoc.sty
Package: shorttoc 2002/08/20 v1.3 Short table of contents (JPFD)
)
\c@@sectionNumCenter=\count283
)
(/home/editorial/texmf/tex/penalidades.sty)
(/home/editorial/texmf/tex/graficos.sty
(/usr/share/texmf-dist/tex/latex/wrapfig/wrapfig.sty
\wrapoverhang=\dimen273
\WF@size=\dimen274
\c@WF@wrappedlines=\count284
\WF@box=\box51
\WF@everypar=\toks29
Package: wrapfig 2003/01/31  v 3.6
)

Class memoir Warning: You are using the caption package with the memoir class. 
To prepare we will now reset all captioning macros and configurations to kernel
 defaults, and then let the caption package take over. Please remember to use
 the caption package interfaces in order to
 configure your captions.

(/usr/share/texmf-dist/tex/latex/caption/caption.sty
Package: caption 2016/02/21 v3.3-144 Customizing captions (AR)

(/usr/share/texmf-dist/tex/latex/caption/caption3.sty
Package: caption3 2016/05/22 v1.7-166 caption3 kernel (AR)
Package caption3 Info: TeX engine: e-TeX on input line 67.
\captionmargin=\dimen275
\captionmargin@=\dimen276
\captionwidth=\dimen277
\caption@tempdima=\dimen278
\caption@indent=\dimen279
\caption@parindent=\dimen280
\caption@hangindent=\dimen281
)
\c@ContinuedFloat=\count285
Package caption Info: wrapfig package is loaded.
)
(/usr/share/texmf-dist/tex/latex/textpos/textpos.sty
Package: textpos 2016/06/07 v1.8

Package: textpos 2016/06/07 1.8, absolute positioning of text on the page
\TP@textbox=\box52
\TPHorizModule=\dimen282
\TPVertModule=\dimen283
\TP@margin=\dimen284
\TP@absmargin=\dimen285
Grid set 16 x 16 = 28.45274pt x 40.90083pt
\TPboxrulesize=\dimen286
\TP@tbargs=\toks30
\TP@prevdepth=\dimen287
) (/usr/share/texmf-dist/tex/latex/sttools/floatpag.sty
Package: floatpag 2012/05/29 v1.1 Different pagestyles on float pages
Package: floatpag 1999/04/29 FLOAT PAGESTYLE
)
(/usr/share/texmf-dist/tex/latex/morefloats/morefloats.sty
Package: morefloats 2015/07/22 v1.0h Raise limit of unprocessed floats (HMM)

(/usr/share/texmf-dist/tex/latex/oberdiek/kvoptions.sty
Package: kvoptions 2016/05/16 v3.12 Key value format for package options (HO)

(/usr/share/texmf-dist/tex/generic/oberdiek/ltxcmds.sty
Package: ltxcmds 2016/05/16 v1.23 LaTeX kernel commands for general use (HO)
)
(/usr/share/texmf-dist/tex/generic/oberdiek/kvsetkeys.sty
Package: kvsetkeys 2016/05/16 v1.17 Key value parser (HO)

(/usr/share/texmf-dist/tex/generic/oberdiek/infwarerr.sty
Package: infwarerr 2016/05/16 v1.4 Providing info/warning/error messages (HO)
)
(/usr/share/texmf-dist/tex/generic/oberdiek/etexcmds.sty
Package: etexcmds 2016/05/16 v1.6 Avoid name clashes with e-TeX commands (HO)
Package etexcmds Info: Could not find \expanded.
(etexcmds)             That can mean that you are not using pdfTeX 1.50 or
(etexcmds)             that some package has redefined \expanded.
(etexcmds)             In the latter case, load this package earlier.
)))
Package morefloats Info: Maximum number of possible floats asked for: 36
(morefloats)             (i.e. 18 more floats).
(morefloats)             LaTeX might run out of memory before this
(morefloats)             (in which case it will notify you).
))
\imageheight=\skip266
\imagewidth=\skip267

(/home/editorial/texmf/tex/hedralogo.sty
Package: hedralogo 27/12/08 v2.0 Editora Hedra (Mantenedor: JS)

(/usr/share/texmf-dist/tex/latex/graphics/color.sty
Package: color 2016/07/10 v1.1e Standard LaTeX Color (DPC)

(/usr/share/texmf-dist/tex/latex/graphics-cfg/color.cfg
File: color.cfg 2016/01/02 v1.6 sample color configuration
)
Package color Info: Driver file: xetex.def on input line 147.
)) (./fichatecnica.sty) (/home/editorial/texmf/tex/aparatos.sty
(/home/editorial/texmf/tex/listingx.sty)
(/home/editorial/texmf/tex/frontlayout.sty))
(/home/editorial/texmf/tex/fronthedra.tex)
(/home/editorial/texmf/tex/tabelas.sty
(/usr/share/texmf-dist/tex/latex/xtab/xtab.sty
Package: xtab 2011/07/31 v2.3f Extended supertabular package
\c@tracingst=\count286
\PWSTcapht=\dimen288
\ST@wd=\dimen289
\ST@rightskip=\skip268
\ST@leftskip=\skip269
\ST@parfillskip=\skip270
\c@PWSTtable=\count287
\PWSTlastpage=\count288
\PWSTpenultimate=\count289
\PWSTcurpage=\count290
\PWSTtempc=\count291
\PWSTlines=\count292
\PWST@lastht=\dimen290
\PWST@generalht=\dimen291
\PWST@ht=\dimen292
\ST@pageleft=\dimen293
\ST@headht=\dimen294
\ST@tailht=\dimen295
\ST@pagesofar=\dimen296
\ST@pboxht=\dimen297
\ST@lineht=\dimen298
\ST@stretchht=\dimen299
\ST@prevht=\dimen300
\ST@toadd=\dimen301
\ST@dimen=\dimen302
\ST@pbox=\box53
)
(/usr/share/texmf-dist/tex/latex/enumitem/enumitem.sty
Package: enumitem 2011/09/28 v3.5.2 Customized lists
\labelindent=\skip271
\enit@outerparindent=\dimen303
\enit@toks=\toks31
\enit@inbox=\box54
\enitdp@description=\count293
)
(/usr/share/texmf-dist/tex/latex/ctable/ctable.sty
Package: ctable 2015/10/17 v1.31 ctable package for flexible typesetting of tab
le and figure floats using key/value directives

(/usr/share/texmf-dist/tex/latex/xcolor/xcolor.sty
Package: xcolor 2016/05/11 v2.12 LaTeX color extensions (UK)

(/usr/share/texmf-dist/tex/latex/graphics-cfg/color.cfg
File: color.cfg 2016/01/02 v1.6 sample color configuration
)
Package xcolor Info: Driver file: xetex.def on input line 225.
LaTeX Info: Redefining \color on input line 709.
Package xcolor Info: Model `cmy' substituted by `cmy0' on input line 1348.
Package xcolor Info: Model `RGB' extended on input line 1364.
Package xcolor Info: Model `HTML' substituted by `rgb' on input line 1366.
Package xcolor Info: Model `Hsb' substituted by `hsb' on input line 1367.
Package xcolor Info: Model `tHsb' substituted by `hsb' on input line 1368.
Package xcolor Info: Model `HSB' substituted by `hsb' on input line 1369.
Package xcolor Info: Model `Gray' substituted by `gray' on input line 1370.
Package xcolor Info: Model `wave' substituted by `hsb' on input line 1371.
)
(/usr/share/texmf-dist/tex/latex/xkeyval/xkeyval.sty
Package: xkeyval 2014/12/03 v2.7a package option processing (HA)

(/usr/share/texmf-dist/tex/generic/xkeyval/xkeyval.tex
(/usr/share/texmf-dist/tex/generic/xkeyval/xkvutils.tex
\XKV@toks=\toks32
\XKV@tempa@toks=\toks33
)
\XKV@depth=\count294
File: xkeyval.tex 2014/12/03 v2.7a key=value parser (HA)
))
(/usr/share/texmf-dist/tex/latex/graphics/rotating.sty
Package: rotating 2016/08/11 v2.16d rotated objects in LaTeX
\c@r@tfl@t=\count295
\rotFPtop=\skip272
\rotFPbot=\skip273
\rot@float@box=\box55
\rot@mess@toks=\toks34
)

Package ctable Warning: 
(ctable)                Transparency disabled: pdfTeX is not running in PDF mod
e .

\@CTframesep=\dimen304
\@dfltCTframesep=\dimen305
\@CTframerule=\dimen306
\@dfltCTframerule=\dimen307
\@CTwidth=\dimen308
\@dfltCTwidth=\dimen309
\@CTcaptionskip=\dimen310
\@dfltCTcaptionskip=\dimen311
\@CTmaxwidth=\dimen312
\@dfltCTmaxwidth=\dimen313
\@CTmincapwidth=\dimen314
\@dfltCTmincapwidth=\dimen315
\@CTfooterwidth=\dimen316
\@dfltCTfooterwidth=\dimen317
\@CTw=\dimen318
\@CTfloatwidth=\dimen319
\@CToldsep=\dimen320
\@CToldrule=\dimen321
\CT@t=\box56
\@CTcurftwidth=\dimen322
)) (/home/editorial/texmf/tex/versos.sty) (./gitrevisioninfo.sty) (./LIVRO.aux
(./INPUTS.aux) (./PUBLICIDADE.aux))
\openout1 = `LIVRO.aux'.

LaTeX Font Info:    Checking defaults for OML/cmm/m/it on input line 7.
LaTeX Font Info:    ... okay on input line 7.
LaTeX Font Info:    Checking defaults for T1/cmr/m/n on input line 7.
LaTeX Font Info:    ... okay on input line 7.
LaTeX Font Info:    Checking defaults for OT1/cmr/m/n on input line 7.
LaTeX Font Info:    ... okay on input line 7.
LaTeX Font Info:    Checking defaults for OMS/cmsy/m/n on input line 7.
LaTeX Font Info:    ... okay on input line 7.
LaTeX Font Info:    Checking defaults for TU/lmr/m/n on input line 7.
LaTeX Font Info:    ... okay on input line 7.
LaTeX Font Info:    Checking defaults for OMX/cmex/m/n on input line 7.
LaTeX Font Info:    ... okay on input line 7.
LaTeX Font Info:    Checking defaults for U/cmr/m/n on input line 7.
LaTeX Font Info:    ... okay on input line 7.
LaTeX Font Info:    Checking defaults for LGR/cmr/m/n on input line 7.
LaTeX Font Info:    Try loading font information for LGR+cmr on input line 7.

(/usr/share/texmf-dist/tex/latex/cbfonts-fd/lgrcmr.fd
File: lgrcmr.fd 2016/03/04 v1.1 Greek European Computer Regular
)
LaTeX Font Info:    ... okay on input line 7.
LaTeX Font Info:    Checking defaults for EU1/lmr/m/n on input line 7.
LaTeX Font Info:    Try loading font information for EU1+lmr on input line 7.

(/usr/share/texmf-dist/tex/latex/euenc/eu1lmr.fd
File: eu1lmr.fd 2009/10/30 v1.6 Font defs for Latin Modern
)
LaTeX Font Info:    ... okay on input line 7.
LaTeX Font Info:    Checking defaults for T3/cmr/m/n on input line 7.
LaTeX Font Info:    Try loading font information for T3+cmr on input line 7.

(/usr/share/texmf-dist/tex/latex/tipa/t3cmr.fd
File: t3cmr.fd 2001/12/31 TIPA font definitions
)
LaTeX Font Info:    ... okay on input line 7.
LaTeX Font Info:    Checking defaults for TS1/cmr/m/n on input line 7.
LaTeX Font Info:    Try loading font information for TS1+cmr on input line 7.

(/usr/share/texmf-dist/tex/latex/base/ts1cmr.fd
File: ts1cmr.fd 2014/09/29 v2.5h Standard LaTeX font definitions
)
LaTeX Font Info:    ... okay on input line 7.
Unknown feature `protrusion=default' in font `Linux Libertine O'.
Unknown feature `expansion=default' in font `Linux Libertine O'.
LaTeX Info: Redefining \dots on input line 7.
LaTeX Info: Redefining \up on input line 7.
LaTeX Info: Redefining \microtypecontext on input line 7.
Package microtype Info: Character protrusion enabled (level 2).
Package microtype Info: Using default protrusion set `alltext'.
Package microtype Info: No adjustment of tracking.
Package microtype Info: No adjustment of spacing.
Package microtype Info: No adjustment of kerning.
Package microtype Info: Loading generic settings for font family
(microtype)             `LinuxLibertineO' (encoding: TU).
(microtype)             For optimal results, create family-specific settings.
(microtype)             See the microtype manual for details.
.................................................
. fontspec info: "setup-math"
. 
. Adjusting the maths setup (use [no-math] to avoid this).
.................................................
\symlegacymaths=\mathgroup7
LaTeX Font Info:    Overwriting symbol font `legacymaths' in version `bold'
(Font)                  OT1/cmr/m/n --> OT1/cmr/bx/n on input line 7.
LaTeX Font Info:    Redeclaring math accent \acute on input line 7.
LaTeX Font Info:    Redeclaring math accent \grave on input line 7.
LaTeX Font Info:    Redeclaring math accent \ddot on input line 7.
LaTeX Font Info:    Redeclaring math accent \tilde on input line 7.
LaTeX Font Info:    Redeclaring math accent \bar on input line 7.
LaTeX Font Info:    Redeclaring math accent \breve on input line 7.
LaTeX Font Info:    Redeclaring math accent \check on input line 7.
LaTeX Font Info:    Redeclaring math accent \hat on input line 7.
LaTeX Font Info:    Redeclaring math accent \dot on input line 7.
LaTeX Font Info:    Redeclaring math accent \mathring on input line 7.
LaTeX Font Info:    Redeclaring math symbol \colon on input line 7.
LaTeX Font Info:    Redeclaring math symbol \Gamma on input line 7.
LaTeX Font Info:    Redeclaring math symbol \Delta on input line 7.
LaTeX Font Info:    Redeclaring math symbol \Theta on input line 7.
LaTeX Font Info:    Redeclaring math symbol \Lambda on input line 7.
LaTeX Font Info:    Redeclaring math symbol \Xi on input line 7.
LaTeX Font Info:    Redeclaring math symbol \Pi on input line 7.
LaTeX Font Info:    Redeclaring math symbol \Sigma on input line 7.
LaTeX Font Info:    Redeclaring math symbol \Upsilon on input line 7.
LaTeX Font Info:    Redeclaring math symbol \Phi on input line 7.
LaTeX Font Info:    Redeclaring math symbol \Psi on input line 7.
LaTeX Font Info:    Redeclaring math symbol \Omega on input line 7.
LaTeX Font Info:    Redeclaring math symbol \mathdollar on input line 7.
LaTeX Font Info:    Redeclaring symbol font `operators' on input line 7.
LaTeX Font Info:    Encoding `OT1' has changed to `TU' for symbol font
(Font)              `operators' in the math version `normal' on input line 7.
LaTeX Font Info:    Overwriting symbol font `operators' in version `normal'
(Font)                  OT1/cmr/m/n --> TU/LinuxLibertineO(0)/m/n on input line
 7.
LaTeX Font Info:    Encoding `OT1' has changed to `TU' for symbol font
(Font)              `operators' in the math version `bold' on input line 7.
LaTeX Font Info:    Overwriting symbol font `operators' in version `bold'
(Font)                  OT1/cmr/bx/n --> TU/LinuxLibertineO(0)/m/n on input lin
e 7.
LaTeX Font Info:    Overwriting symbol font `operators' in version `normal'
(Font)                  TU/LinuxLibertineO(0)/m/n --> TU/LinuxLibertineO(0)/m/n
 on input line 7.
LaTeX Font Info:    Overwriting math alphabet `\mathit' in version `normal'
(Font)                  OT1/cmr/m/it --> TU/LinuxLibertineO(0)/m/it on input li
ne 7.
LaTeX Font Info:    Overwriting math alphabet `\mathbf' in version `normal'
(Font)                  OT1/cmr/bx/n --> TU/LinuxLibertineO(0)/bx/n on input li
ne 7.
LaTeX Font Info:    Overwriting math alphabet `\mathsf' in version `normal'
(Font)                  OT1/cmss/m/n --> TU/lmss/m/n on input line 7.
LaTeX Font Info:    Overwriting math alphabet `\mathtt' in version `normal'
(Font)                  OT1/cmtt/m/n --> TU/lmtt/m/n on input line 7.
LaTeX Font Info:    Overwriting symbol font `operators' in version `bold'
(Font)                  TU/LinuxLibertineO(0)/m/n --> TU/LinuxLibertineO(0)/bx/
n on input line 7.
LaTeX Font Info:    Overwriting math alphabet `\mathit' in version `bold'
(Font)                  OT1/cmr/bx/it --> TU/LinuxLibertineO(0)/bx/it on input 
line 7.
LaTeX Font Info:    Overwriting math alphabet `\mathsf' in version `bold'
(Font)                  OT1/cmss/bx/n --> TU/lmss/bx/n on input line 7.
LaTeX Font Info:    Overwriting math alphabet `\mathtt' in version `bold'
(Font)                  OT1/cmtt/m/n --> TU/lmtt/bx/n on input line 7.
Package lastpage Info: Please have a look at the pageslts package at
(lastpage)             https://www.ctan.org/pkg/pageslts
(lastpage)             ! on input line 7.
Package caption Info: Begin \AtBeginDocument code.
Package caption Info: rotating package is loaded.
Package caption Info: xtab package is loaded.
Package caption Info: End \AtBeginDocument code.
Unknown feature `protrusion=default' in font `Linux Libertine O'.
Unknown feature `expansion=default' in font `Linux Libertine O'.
Unknown feature `protrusion=default' in font `Linux Libertine O'.
Unknown feature `expansion=default' in font `Linux Libertine O'.
Unknown feature `protrusion=default' in font `Linux Libertine O'.
Unknown feature `expansion=default' in font `Linux Libertine O'.
Unknown feature `protrusion=default' in font `Linux Libertine O Italic'.
Unknown feature `expansion=default' in font `Linux Libertine O Italic'.
 [1

]
Unknown feature `protrusion=default' in font `Linux Libertine O'.
Unknown feature `expansion=default' in font `Linux Libertine O'.
Unknown feature `protrusion=default' in font `Linux Libertine O Semibold'.
Unknown feature `expansion=default' in font `Linux Libertine O Semibold'.
Unknown feature `protrusion=default' in font `Linux Libertine O'.
Unknown feature `expansion=default' in font `Linux Libertine O'.
LaTeX Font Info:    External font `cmex10' loaded for size
(Font)              <7> on input line 7.
LaTeX Font Info:    External font `cmex10' loaded for size
(Font)              <5> on input line 7.

(/usr/share/texmf-dist/tex/latex/microtype/mt-cmr.cfg
File: mt-cmr.cfg 2013/05/19 v2.2 microtype config. file: Computer Modern Roman 
(RS)
)
(/home/editorial/texmf/tex/frontconselho.tex)
Unknown feature `protrusion=default' in font `Linux Libertine O Italic'.
Unknown feature `expansion=default' in font `Linux Libertine O Italic'.
Unknown feature `protrusion=default' in font `Linux Libertine O'.
Unknown feature `expansion=default' in font `Linux Libertine O'.
 [2

]
Unknown feature `protrusion=default' in font `Linux Libertine O'.
Unknown feature `expansion=default' in font `Linux Libertine O'.
Unknown feature `protrusion=default' in font `Linux Libertine O Italic'.
Unknown feature `expansion=default' in font `Linux Libertine O Italic'.
LaTeX Font Info:    Try loading font information for OT1+ptm on input line 7.

(/usr/share/texmf-dist/tex/latex/psnfss/ot1ptm.fd
File: ot1ptm.fd 2001/06/04 font definitions for OT1/ptm.
)
(/usr/share/texmf-dist/tex/latex/microtype/mt-ptm.cfg
File: mt-ptm.cfg 2006/04/20 v1.7 microtype config. file: Times (RS)
) [3] [4

] (./LIVRO.toc
Unknown feature `protrusion=default' in font `Linux Libertine O'.
Unknown feature `expansion=default' in font `Linux Libertine O'.
Unknown feature `protrusion=default' in font `Linux Libertine O'.
Unknown feature `expansion=default' in font `Linux Libertine O'.
Unknown feature `protrusion=default' in font `Linux Libertine O'.
Unknown feature `expansion=default' in font `Linux Libertine O'.
Unknown feature `protrusion=default' in font `Linux Libertine O'.
Unknown feature `expansion=default' in font `Linux Libertine O'.
LaTeX Font Info:    External font `cmex10' loaded for size
(Font)              <10.95> on input line 27.
LaTeX Font Info:    External font `cmex10' loaded for size
(Font)              <8> on input line 27.
LaTeX Font Info:    External font `cmex10' loaded for size
(Font)              <6> on input line 27.
Unknown feature `protrusion=default' in font `Linux Libertine O Italic'.
Unknown feature `expansion=default' in font `Linux Libertine O Italic'.

[5] [6] [7]) [8]
\openout2 = `INPUTS.aux'.

 (./INPUTS.tex (./ORIGINAL.tex Excluding 'comment' comment.
[9



] [10

]
Unknown feature `protrusion=default' in font `Linux Libertine O Italic'.
Unknown feature `expansion=default' in font `Linux Libertine O Italic'.

Overfull \vbox (6.39081pt too high) has occurred while \output is active []


[11

]
Overfull \vbox (13.98882pt too high) has occurred while \output is active []


[12]
Overfull \vbox (9.66891pt too high) has occurred while \output is active []


[13] [14] [15] [16] [17] [18] [19]
Overfull \vbox (15.04456pt too high) has occurred while \output is active []


[20

] [21] [22] [23

] [24] [25] [26

] [27] [28] [29] [30

] [31] [32] [33

] [34]
[35] [36] [37] [38

] [39] [40] [41] [42] [43] [44] [45] [46] [47] [48

] [49]
[50] [51] [52

] [53] [54] [55] [56] [57] [58] [59

] [60] [61] [62

] [63] [64]
[65] [66] [67] [68] [69] [70

] [71] [72

] [73] [74] [75] [76] [77] [78] [79]
[80] [81] [82

] [83] [84] [85] [86] [87]
Overfull \hbox (2.18958pt too wide) in paragraph at lines 4285--4289
[]\TU/LinuxLibertineO(0)/m/n/10.95  Os militares se dividem em democratas anti
comunistas e pr-americanos,
 []

[88]
Overfull \vbox (8.21767pt too high) has occurred while \output is active []


[89] [90] [91] [92] [93]
Overfull \vbox (8.18149pt too high) has occurred while \output is active []


[94] [95] [96] [97] [98] [99] [100

] [101] [102

] [103] [104] [105] [106]
[107] [108

] [109] [110] [111

] [112] [113] [114

]
Overfull \vbox (17.7815pt too high) has occurred while \output is active []


[115]
Overfull \vbox (15.31032pt too high) has occurred while \output is active []


[116] [117] [118] [119] [120] [121] [122] [123

] [124

] [125

]
LaTeX Font Info:    External font `cmex10' loaded for size
(Font)              <14.4> on input line 6279.
 [126

] [127

]
[128]
Overfull \vbox (15.43272pt too high) has occurred while \output is active []


[129] [130] [131

] [132] [133] [134]
Overfull \vbox (16.064pt too high) has occurred while \output is active []


[135] [136] [137]
Overfull \vbox (6.48634pt too high) has occurred while \output is active []


[138]
Overfull \vbox (8.92282pt too high) has occurred while \output is active []


[139] [140] [141] [142

] [143] [144]
Overfull \vbox (15.18149pt too high) has occurred while \output is active []


[145] [146] [147] [148

] [149] [150] [151] [152] [153] [154] [155] [156]
[157

] [158] [159] [160] [161] [162] [163] [164]
Overfull \vbox (20.17406pt too high) has occurred while \output is active []


[165]
Overfull \vbox (13.12775pt too high) has occurred while \output is active []


[166] [167] [168] [169

]
Overfull \vbox (8.18149pt too high) has occurred while \output is active []


[170]
Overfull \vbox (16.01768pt too high) has occurred while \output is active []


[171] [172] [173

] [174] [175] [176] [177] [178] [179] [180

]
Overfull \vbox (17.99133pt too high) has occurred while \output is active []


[181] [182] [183]
Overfull \vbox (13.83272pt too high) has occurred while \output is active []


[184] [185] [186] [187]
Overfull \vbox (18.18097pt too high) has occurred while \output is active []


[188

] [189] [190] [191] [192] [193] [194] [195] [196] [197] [198

] [199]
Overfull \vbox (17.99133pt too high) has occurred while \output is active []


[200] [201] [202]
Overfull \vbox (15.89131pt too high) has occurred while \output is active []


[203] [204] [205] [206] [207]
Overfull \vbox (11.03513pt too high) has occurred while \output is active []


[208] [209] [210] [211] [212]
Overfull \vbox (19.88148pt too high) has occurred while \output is active []


[213] [214] [215] [216] [217

] [218] [219] [220] [221

] [222] [223

] [224]
[225] [226] [227] [228] [229] [230] [231] [232] [233] [234] [235

]
Overfull \vbox (7.77628pt too high) has occurred while \output is active []


[236] [237]
Overfull \vbox (20.17406pt too high) has occurred while \output is active []


[238] [239] [240

] [241] [242

]
Overfull \vbox (4.64256pt too high) has occurred while \output is active []


[243] [244] [245] [246]
Overfull \vbox (19.34502pt too high) has occurred while \output is active []


[247]
Overfull \vbox (9.32014pt too high) has occurred while \output is active []


[248]
Overfull \vbox (0.65796pt too high) has occurred while \output is active []


[249]
Overfull \vbox (9.99133pt too high) has occurred while \output is active []


[250] [251] [252]
Overfull \vbox (17.39133pt too high) has occurred while \output is active []


[253] [254] [255] [256]
Overfull \vbox (13.70364pt too high) has occurred while \output is active []


[257] [258] [259] [260] [261] [262] [263] [264] [265] [266] [267

] [268]
[269] [270

] [271]
Overfull \vbox (14.78389pt too high) has occurred while \output is active []


[272] [273] [274]
Overfull \vbox (1.44746pt too high) has occurred while \output is active []


[275]
Overfull \vbox (10.7401pt too high) has occurred while \output is active []


[276] [277] [278] [279] [280] [281

] [282] [283

] [284]
Overfull \vbox (20.3401pt too high) has occurred while \output is active []


[285] [286] [287] [288] [289] [290] [291]
Overfull \vbox (17.4092pt too high) has occurred while \output is active []


[292]
Overfull \vbox (12.83272pt too high) has occurred while \output is active []


[293]
Overfull \vbox (9.92015pt too high) has occurred while \output is active []


[294] [295] [296] [297] [298] [299] [300] [301] [302] [303] [304] [305]
[306] [307] [308] [309] [310] [311]
Overfull \vbox (12.83272pt too high) has occurred while \output is active []


[312] [313] [314] [315] [316

] [317]
Overfull \vbox (19.13518pt too high) has occurred while \output is active []


[318] [319] [320

] [321

] [322] [323] [324] [325

] [326] [327] [328] [329]
[330] [331] [332] [333] [334] [335

]
Overfull \vbox (14.50258pt too high) has occurred while \output is active []


[336] [337] [338] [339

] [340]
Overfull \vbox (15.18149pt too high) has occurred while \output is active []


[341] [342] [343

] [344] [345] [346] [347] [348]
Underfull \hbox (badness 3503) in paragraph at lines 17927--17931
[]\TU/LinuxLibertineO(0)/m/n/10.95 Eles acharam que estavam parecidos com teatr
inho-barulhento-de-
 []

[349] [350] [351] [352] [353] [354

] [355] [356

] [357] [358] [359] [360]
[361] [362] [363] [364] [365] [366] [367] [368]
Underfull \hbox (badness 1292) in paragraph at lines 18903--18905
[]\TU/LinuxLibertineO(0)/m/n/10.95 Educao. Identificao. Compaixo com o cad
ver  o cadver-
 []

[369] [370] [371] [372] [373

] [374] [375] [376] [377] [378

] [379] [380

]
[381]
Overfull \vbox (21.52774pt too high) has occurred while \output is active []


[382] [383] [384

] [385] [386] [387] [388] [389

] [390] [391] [392

]
Overfull \vbox (7.88394pt too high) has occurred while \output is active []


[393] [394] [395] [396

] [397] [398] [399] [400] [401] [402]
Overfull \vbox (18.13718pt too high) has occurred while \output is active []


[403

] [404] [405

] [406] [407]
Overfull \vbox (12.48834pt too high) has occurred while \output is active []


[408

] [409] [410] [411] [412] [413] [414] [415] [416] [417] [418] [419]
[420] [421

]
Overfull \vbox (7.49652pt too high) has occurred while \output is active []


[422] [423] [424

]
Overfull \vbox (9.98148pt too high) has occurred while \output is active []


[425] [426] [427] [428] [429

]
Underfull \hbox (badness 2762) in paragraph at lines 22027--22029
[]\TU/LinuxLibertineO(0)/m/n/10.95 Jcki defendera Homero, Safo, Hecateu, Marci
al, Ateneu, Charles
 []

[430] [431] [432] [433] [434] [435] [436

] [437] [438] [439]
Overfull \vbox (12.27426pt too high) has occurred while \output is active []


[440] [441] [442] [443]
Overfull \vbox (15.47424pt too high) has occurred while \output is active []


[444] [445] [446] [447] [448] [449] [450] [451] [452] [453] [454] [455]
[456] [457] [458] [459] [460] [461] [462] [463

]
Overfull \vbox (6.17499pt too high) has occurred while \output is active []


[464] [465] [466] [467] [468] [469] [470]
Overfull \vbox (8.31523pt too high) has occurred while \output is active []


[471] [472]
Overfull \vbox (12.87651pt too high) has occurred while \output is active []


[473] [474] [475] [476]
Overfull \vbox (19.67159pt too high) has occurred while \output is active []


[477]
Overfull \vbox (7.55486pt too high) has occurred while \output is active []


[478] [479] [480]
Overfull \vbox (5.28394pt too high) has occurred while \output is active []


[481] [482] [483] [484] [485]
Underfull \hbox (badness 1735) in paragraph at lines 25217--25220
[]\TU/LinuxLibertineO(0)/m/n/10.95 Ele e seus ajudantes vestem os uniformes azu
is de marechais sul-
 []

[486] [487] [488] [489] [490] [491] [492] [493] [494]
Overfull \vbox (10.77898pt too high) has occurred while \output is active []


[495] [496] [497] [498] [499] [500] [501]
Overfull \vbox (15.36154pt too high) has occurred while \output is active []


[502] [503] [504] [505] [506] [507] [508] [509]
Overfull \vbox (19.06403pt too high) has occurred while \output is active []


[510] [511] [512] [513] [514] [515] [516] [517] [518] [519] [520] [521]
[522] [523]
Overfull \vbox (12.59134pt too high) has occurred while \output is active []


[524] [525] [526] [527] [528] [529] [530] [531] [532

] [533] [534] [535]
Underfull \hbox (badness 2302) in paragraph at lines 28010--28012
[]\TU/LinuxLibertineO(0)/m/n/10.95 Por acaso voc ainda tem vontade de pesquisa
r as religies afro-
 []

[536

]
Overfull \vbox (17.71031pt too high) has occurred while \output is active []


[537] [538]
Overfull \vbox (4.78493pt too high) has occurred while \output is active []


[539

] [540] [541] [542] [543]
Overfull \vbox (19.04758pt too high) has occurred while \output is active []


[544]
Overfull \vbox (19.75797pt too high) has occurred while \output is active []


[545] [546] [547

] [548] [549]
Underfull \hbox (badness 2781) in paragraph at lines 28703--28706
[]\TU/LinuxLibertineO(0)/m/n/10.95 Resmungando em voz baixa contra a etnologia,
 as religies afro-
 []

[550

] [551] [552] [553] [554

] [555] [556]
Overfull \vbox (10.97656pt too high) has occurred while \output is active []


[557] [558] [559] [560]
Overfull \vbox (6.56352pt too high) has occurred while \output is active []


[561

] [562] [563

] [564] [565] [566] [567]
Overfull \vbox (10.8555pt too high) has occurred while \output is active []


[568] [569] [570] [571

]
Overfull \vbox (15.43272pt too high) has occurred while \output is active []


[572] [573] [574] [575] [576] [577

] [578] [579] [580] [581] [582]
Overfull \vbox (15.70627pt too high) has occurred while \output is active []


[583

] [584] [585]
Overfull \vbox (5.81967pt too high) has occurred while \output is active []


[586

] [587] [588] [589] [590

] [591] [592] [593]
Overfull \vbox (13.48343pt too high) has occurred while \output is active []


[594

] [595] [596

] [597] [598] [599]
Overfull \vbox (11.58348pt too high) has occurred while \output is active []


[600

] [601] [602

] [603

] [604] [605] [606

] [607] [608

] [609] [610] [611]
[612

] [613] [614

] [615] [616] [617] [618

] [619

] [620] [621

]
Overfull \vbox (8.67159pt too high) has occurred while \output is active []


[622] [623] [624] [625

] [626]
Overfull \vbox (7.88394pt too high) has occurred while \output is active []


[627] [628] [629

]
Overfull \vbox (17.7815pt too high) has occurred while \output is active []


[630] [631] [632

] [633] [634

] [635

] [636] [637

] [638] [639] [640]
Overfull \vbox (4.79132pt too high) has occurred while \output is active []


[641] [642] [643]
Overfull \vbox (12.3839pt too high) has occurred while \output is active []


[644] [645] [646]
Overfull \vbox (19.24257pt too high) has occurred while \output is active []


[647] [648] [649]
Overfull \vbox (9.88733pt too high) has occurred while \output is active []


[650] [651] [652] [653] [654] [655] [656

] [657]
Overfull \vbox (7.88394pt too high) has occurred while \output is active []


[658]
Overfull \hbox (6.60612pt too wide) in paragraph at lines 34054--34057
[]\TU/LinuxLibertineO(0)/m/n/10.95 Elas teriam preferido botar a pequena prince
sa em uma gaiola, alimentando-
 []

[659] [660

] [661] [662

] [663] [664] [665] [666] [667] [668

]
Overfull \vbox (17.81476pt too high) has occurred while \output is active []


[669

] [670] [671] [672]
Overfull \vbox (6.17502pt too high) has occurred while \output is active []


[673] [674] [675]
Overfull \vbox (7.42532pt too high) has occurred while \output is active []


[676] [677] [678] [679] [680] [681] [682] [683] [684] [685] [686] [687]
[688] [689] [690] [691] [692] [693] [694] [695] [696] [697]
Overfull \vbox (17.4591pt too high) has occurred while \output is active []


[698] [699] [700] [701] [702]
Overfull \vbox (6.02779pt too high) has occurred while \output is active []


[703]
Overfull \vbox (6.27902pt too high) has occurred while \output is active []


[704] [705] [706] [707] [708] [709]
Overfull \vbox (8.67159pt too high) has occurred while \output is active []


[710] [711] [712] [713] [714] [715

] [716] [717] [718

] [719] [720] [721]
[722

] [723

] [724

] [725]
Overfull \vbox (18.066pt too high) has occurred while \output is active []


[726

]
Overfull \vbox (8.67159pt too high) has occurred while \output is active []


[727] [728] [729

] [730]
Overfull \vbox (15.43272pt too high) has occurred while \output is active []


[731] [732]
Overfull \vbox (20.13026pt too high) has occurred while \output is active []


[733] [734] [735] [736] [737] [738] [739] [740] [741] [742

] [743] [744]
[745] [746] [747] [748]
Overfull \vbox (8.80785pt too high) has occurred while \output is active []


[749] [750] [751] [752] [753]
Overfull \vbox (17.7815pt too high) has occurred while \output is active []


[754] [755] [756] [757] [758] [759] [760] [761] [762] [763]
Overfull \vbox (11.27159pt too high) has occurred while \output is active []


[764]
Overfull \vbox (4.1103pt too high) has occurred while \output is active []


[765] [766] [767]
Overfull \vbox (19.87903pt too high) has occurred while \output is active []


[768] [769] [770] [771] [772] [773] [774] [775] [776] [777] [778] [779]
[780] [781] [782] [783] [784] [785] [786] [787] [788] [789] [790] [791]
[792] [793] [794] [795] [796] [797] [798] [799] [800] [801] [802] [803]
[804] [805] [806] [807] [808] [809] [810]
Overfull \vbox (6.27902pt too high) has occurred while \output is active []


[811] [812]
Overfull \vbox (6.45908pt too high) has occurred while \output is active []


[813]
Overfull \vbox (19.63765pt too high) has occurred while \output is active []


[814] [815] [816] [817] [818] [819] [820] [821] [822] [823] [824] [825]
[826] [827]
Overfull \vbox (7.5287pt too high) has occurred while \output is active []


[828]
Overfull \vbox (7.88397pt too high) has occurred while \output is active []


[829] [830] [831] [832] [833] [834]
Overfull \vbox (6.32281pt too high) has occurred while \output is active []


[835] [836] [837] [838] [839] [840] [841] [842] [843] [844] [845] [846]
[847] [848] [849] [850] [851

] [852] [853] [854] [855

] [856]
Unknown feature `protrusion=default' in font `Linux Libertine O Semibold'.
Unknown feature `expansion=default' in font `Linux Libertine O Semibold'.
 [857

] [858]
[859]
Overfull \vbox (18.40118pt too high) has occurred while \output is active []


[860]
Overfull \vbox (9.79375pt too high) has occurred while \output is active []


[861] [862] [863] [864] [865] [866] [867] [868] [869])) [870]

AED: lastpage setting LastPage
\openout2 = `PUBLICIDADE.aux'.

(/home/editorial/texmf/tex/PUBLICIDADE.tex [871



]
Unknown feature `protrusion=default' in font `Linux Libertine O'.
Unknown feature `expansion=default' in font `Linux Libertine O'.

Underfull \hbox (badness 10000) in paragraph at lines 6--8

 []

[872]
Unknown feature `protrusion=default' in font `Linux Libertine O Italic'.
Unknown feature `expansion=default' in font `Linux Libertine O Italic'.
 [873] [874] [875]) [876


]
\tf@toc=\write5
\openout5 = `LIVRO.toc'.

 (./LIVRO.aux (./INPUTS.aux) (./PUBLICIDADE.aux)) ) 
Here is how much of TeX's memory you used:
 25370 strings out of 493068
 460033 string characters out of 6141028
 680816 words of memory out of 5000000
 28826 multiletter control sequences out of 15000+600000
 17117 words of font info for 90 fonts, out of 8000000 for 9000
 1371 hyphenation exceptions out of 8191
 54i,14n,88p,10373b,414s stack positions out of 5000i,500n,10000p,200000b,80000s

Output written on LIVRO.xdv (876 pages, 12565540 bytes).
